<?xml version="1.0" encoding="UTF-8"?>
<testng-results skipped="0" failed="0" total="1" passed="1">
  <reporter-output>
  </reporter-output>
  <suite name="Surefire suite" duration-ms="211709" started-at="2018-05-28T15:13:24Z" finished-at="2018-05-28T15:16:56Z">
    <groups>
    </groups>
    <test name="Surefire test" duration-ms="211709" started-at="2018-05-28T15:13:24Z" finished-at="2018-05-28T15:16:56Z">
      <class name="ca.on.oicr.pde.workflows.STARfusionWorkflowClientTest">
        <test-method status="PASS" signature="validateRegressionTestDefinition()[pri:0, instance:ca.on.oicr.pde.workflows.STARfusionWorkflowClientTest@15761df8]" name="validateRegressionTestDefinition" duration-ms="211643" started-at="2018-05-28T11:13:24Z" finished-at="2018-05-28T11:16:56Z">
          <reporter-output>
          </reporter-output>
        </test-method> <!-- validateRegressionTestDefinition -->
      </class> <!-- ca.on.oicr.pde.workflows.STARfusionWorkflowClientTest -->
    </test> <!-- Surefire test -->
  </suite> <!-- Surefire suite -->
</testng-results>
